<?xml version="1.0" encoding="UTF-8"?>
<testsuites>
  <testsuite name="fastlane.lanes">
    
    
    
      
      <testcase classname="fastlane.lanes" name="0: default_platform" time="0.000359">
        
      </testcase>
    
      
      <testcase classname="fastlane.lanes" name="1: clean assembleRelease" time="64.960024">
        
          <failure message="/usr/local/Cellar/fastlane/2.183.2/libexec/gems/fastlane-2.183.2/fastlane/lib/fastlane/actions/actions_helper.rb:67:in `execute_action'&#10;/usr/local/Cellar/fastlane/2.183.2/libexec/gems/fastlane-2.183.2/fastlane/lib/fastlane/runner.rb:255:in `block in execute_action'&#10;/usr/local/Cellar/fastlane/2.183.2/libexec/gems/fastlane-2.183.2/fastlane/lib/fastlane/runner.rb:229:in `chdir'&#10;/usr/local/Cellar/fastlane/2.183.2/libexec/gems/fastlane-2.183.2/fastlane/lib/fastlane/runner.rb:229:in `execute_action'&#10;/usr/local/Cellar/fastlane/2.183.2/libexec/gems/fastlane-2.183.2/fastlane/lib/fastlane/runner.rb:157:in `trigger_action_by_name'&#10;/usr/local/Cellar/fastlane/2.183.2/libexec/gems/fastlane-2.183.2/fastlane/lib/fastlane/fast_file.rb:159:in `method_missing'&#10;Fastfile:26:in `block (2 levels) in parsing_binding'&#10;/usr/local/Cellar/fastlane/2.183.2/libexec/gems/fastlane-2.183.2/fastlane/lib/fastlane/lane.rb:33:in `call'&#10;/usr/local/Cellar/fastlane/2.183.2/libexec/gems/fastlane-2.183.2/fastlane/lib/fastlane/runner.rb:49:in `block in execute'&#10;/usr/local/Cellar/fastlane/2.183.2/libexec/gems/fastlane-2.183.2/fastlane/lib/fastlane/runner.rb:45:in `chdir'&#10;/usr/local/Cellar/fastlane/2.183.2/libexec/gems/fastlane-2.183.2/fastlane/lib/fastlane/runner.rb:45:in `execute'&#10;/usr/local/Cellar/fastlane/2.183.2/libexec/gems/fastlane-2.183.2/fastlane/lib/fastlane/lane_manager.rb:47:in `cruise_lane'&#10;/usr/local/Cellar/fastlane/2.183.2/libexec/gems/fastlane-2.183.2/fastlane/lib/fastlane/command_line_handler.rb:36:in `handle'&#10;/usr/local/Cellar/fastlane/2.183.2/libexec/gems/fastlane-2.183.2/fastlane/lib/fastlane/commands_generator.rb:109:in `block (2 levels) in run'&#10;/usr/local/Cellar/fastlane/2.183.2/libexec/gems/commander-4.6.0/lib/commander/command.rb:187:in `call'&#10;/usr/local/Cellar/fastlane/2.183.2/libexec/gems/commander-4.6.0/lib/commander/command.rb:157:in `run'&#10;/usr/local/Cellar/fastlane/2.183.2/libexec/gems/commander-4.6.0/lib/commander/runner.rb:444:in `run_active_command'&#10;/usr/local/Cellar/fastlane/2.183.2/libexec/gems/fastlane-2.183.2/fastlane_core/lib/fastlane_core/ui/fastlane_runner.rb:76:in `run!'&#10;/usr/local/Cellar/fastlane/2.183.2/libexec/gems/commander-4.6.0/lib/commander/delegates.rb:18:in `run!'&#10;/usr/local/Cellar/fastlane/2.183.2/libexec/gems/fastlane-2.183.2/fastlane/lib/fastlane/commands_generator.rb:353:in `run'&#10;/usr/local/Cellar/fastlane/2.183.2/libexec/gems/fastlane-2.183.2/fastlane/lib/fastlane/commands_generator.rb:42:in `start'&#10;/usr/local/Cellar/fastlane/2.183.2/libexec/gems/fastlane-2.183.2/fastlane/lib/fastlane/cli_tools_distributor.rb:122:in `take_off'&#10;/usr/local/Cellar/fastlane/2.183.2/libexec/gems/fastlane-2.183.2/bin/fastlane:23:in `&lt;top (required)&gt;'&#10;/usr/local/Cellar/fastlane/2.183.2/libexec/bin/fastlane:23:in `load'&#10;/usr/local/Cellar/fastlane/2.183.2/libexec/bin/fastlane:23:in `&lt;main&gt;'&#10;&#10;Exit status of command '/Users/yazidalghazali/Flutter/developer/flutter_fastlane/android/gradlew clean assembleRelease -p .' was 1 instead of 0.&#10;Starting a Gradle Daemon (subsequent builds will be faster)&#10;&gt; Task :clean&#10;&gt; Task :app:clean UP-TO-DATE&#10;&gt; Task :app:compileFlutterBuildRelease&#10;&gt; Task :app:packLibsflutterBuildRelease&#10;&gt; Task :app:preBuild UP-TO-DATE&#10;&gt; Task :app:extractProguardFiles&#10;&gt; Task :app:preReleaseBuild&#10;&gt; Task :app:compileReleaseAidl NO-SOURCE&#10;&gt; Task :app:compileReleaseRenderscript NO-SOURCE&#10;&gt; Task :app:generateReleaseBuildConfig&#10;&gt; Task :app:checkReleaseAarMetadata&#10;&gt; Task :app:cleanMergeReleaseAssets UP-TO-DATE&#10;&gt; Task :app:mergeReleaseShaders&#10;&gt; Task :app:compileReleaseShaders NO-SOURCE&#10;&gt; Task :app:generateReleaseAssets UP-TO-DATE&#10;&gt; Task :app:mergeReleaseAssets&#10;&gt; Task :app:copyFlutterAssetsRelease&#10;&gt; Task :app:generateReleaseResValues&#10;&gt; Task :app:generateReleaseResources&#10;&gt; Task :app:processReleaseGoogleServices&#10;&gt; Task :app:createReleaseCompatibleScreenManifests&#10;&gt; Task :app:extractDeepLinksRelease&#10;&gt; Task :app:processReleaseMainManifest&#10;&gt; Task :app:mergeReleaseResources&#10;&gt; Task :app:processReleaseManifest&#10;&gt; Task :app:processReleaseManifestForPackage&#10;&gt; Task :app:processReleaseResources&#10;&gt; Task :app:compileReleaseKotlin&#10;&gt; Task :app:javaPreCompileRelease&#10;&gt; Task :app:mergeReleaseNativeDebugMetadata NO-SOURCE&#10;&gt; Task :app:compileReleaseJavaWithJavac&#10;&gt; Task :app:compileReleaseSources&#10;&gt; Task :app:lintVitalRelease FAILED&#10;&#10;FAILURE: Build failed with an exception.&#10;&#10;* What went wrong:&#10;Execution failed for task ':app:lintVitalRelease'.&#10;&gt; Could not resolve all artifacts for configuration ':app:debugRuntimeClasspath'.&#10;   &gt; Failed to transform libs.jar to match attributes {artifactType=processed-jar, org.gradle.libraryelements=jar, org.gradle.usage=java-runtime}.&#10;      &gt; Execution failed for JetifyTransform: /Users/yazidalghazali/Flutter/developer/flutter_fastlane/build/app/intermediates/flutter/debug/libs.jar.&#10;         &gt; Transform's input file does not exist: /Users/yazidalghazali/Flutter/developer/flutter_fastlane/build/app/intermediates/flutter/debug/libs.jar. (See https://issuetracker.google.com/issues/158753935)&#10;&#10;* Try:&#10;Run with --stacktrace option to get the stack trace. Run with --info or --debug option to get more log output. Run with --scan to get full insights.&#10;&#10;* Get more help at https://help.gradle.org&#10;&#10;Deprecated Gradle features were used in this build, making it incompatible with Gradle 7.0.&#10;Use '--warning-mode all' to show the individual deprecation warnings.&#10;See https://docs.gradle.org/6.7/userguide/command_line_interface.html#sec:command_line_warnings&#10;&#10;BUILD FAILED in 1m 3s&#10;24 actionable tasks: 22 executed, 2 up-to-date&#10;" />
        
      </testcase>
    
  </testsuite>
</testsuites>
